{"D:\\project-kentang\\app\\api\\admin\\change-password\\route.ts": {"path":"D:\\project-kentang\\app\\api\\admin\\change-password\\route.ts","all":false,"statementMap":{"0":{"start":{"line":1,"column":0},"end":{"line":1,"column":56}},"22":{"start":{"line":23,"column":0},"end":{"line":23,"column":46}},"24":{"start":{"line":25,"column":0},"end":{"line":25,"column":34}},"25":{"start":{"line":26,"column":0},"end":{"line":26,"column":86}},"26":{"start":{"line":27,"column":0},"end":{"line":27,"column":3}},"29":{"start":{"line":30,"column":0},"end":{"line":30,"column":54}},"30":{"start":{"line":31,"column":0},"end":{"line":31,"column":84}},"31":{"start":{"line":32,"column":0},"end":{"line":32,"column":17}},"32":{"start":{"line":33,"column":0},"end":{"line":33,"column":73}},"33":{"start":{"line":34,"column":0},"end":{"line":34,"column":3}},"36":{"start":{"line":37,"column":0},"end":{"line":37,"column":7}},"37":{"start":{"line":38,"column":0},"end":{"line":38,"column":68}},"38":{"start":{"line":39,"column":0},"end":{"line":39,"column":43}},"39":{"start":{"line":40,"column":0},"end":{"line":40,"column":71}},"40":{"start":{"line":41,"column":0},"end":{"line":41,"column":90}},"41":{"start":{"line":42,"column":0},"end":{"line":42,"column":27}},"42":{"start":{"line":43,"column":0},"end":{"line":43,"column":116}},"43":{"start":{"line":44,"column":0},"end":{"line":44,"column":5}},"44":{"start":{"line":45,"column":0},"end":{"line":45,"column":11}},"45":{"start":{"line":46,"column":0},"end":{"line":46,"column":101}},"46":{"start":{"line":47,"column":0},"end":{"line":47,"column":3}},"49":{"start":{"line":50,"column":0},"end":{"line":50,"column":20}},"50":{"start":{"line":51,"column":0},"end":{"line":51,"column":7}},"51":{"start":{"line":52,"column":0},"end":{"line":52,"column":28}},"52":{"start":{"line":53,"column":0},"end":{"line":53,"column":11}},"53":{"start":{"line":54,"column":0},"end":{"line":54,"column":77}},"54":{"start":{"line":55,"column":0},"end":{"line":55,"column":3}},"56":{"start":{"line":57,"column":0},"end":{"line":57,"column":65}},"57":{"start":{"line":58,"column":0},"end":{"line":58,"column":77}},"58":{"start":{"line":59,"column":0},"end":{"line":59,"column":3}},"60":{"start":{"line":61,"column":0},"end":{"line":61,"column":84}},"61":{"start":{"line":62,"column":0},"end":{"line":62,"column":6}},"62":{"start":{"line":63,"column":0},"end":{"line":63,"column":48}},"63":{"start":{"line":64,"column":0},"end":{"line":64,"column":48}},"64":{"start":{"line":65,"column":0},"end":{"line":65,"column":62}},"65":{"start":{"line":66,"column":0},"end":{"line":66,"column":5}},"66":{"start":{"line":67,"column":0},"end":{"line":67,"column":79}},"67":{"start":{"line":68,"column":0},"end":{"line":68,"column":3}},"68":{"start":{"line":69,"column":0},"end":{"line":69,"column":37}},"69":{"start":{"line":70,"column":0},"end":{"line":70,"column":81}},"70":{"start":{"line":71,"column":0},"end":{"line":71,"column":3}},"71":{"start":{"line":72,"column":0},"end":{"line":72,"column":28}},"72":{"start":{"line":73,"column":0},"end":{"line":73,"column":88}},"73":{"start":{"line":74,"column":0},"end":{"line":74,"column":3}},"76":{"start":{"line":77,"column":0},"end":{"line":77,"column":55}},"77":{"start":{"line":78,"column":0},"end":{"line":78,"column":58}},"78":{"start":{"line":79,"column":0},"end":{"line":79,"column":42}},"79":{"start":{"line":80,"column":0},"end":{"line":80,"column":29}},"80":{"start":{"line":81,"column":0},"end":{"line":81,"column":96}},"81":{"start":{"line":82,"column":0},"end":{"line":82,"column":22}},"82":{"start":{"line":83,"column":0},"end":{"line":83,"column":6}},"83":{"start":{"line":84,"column":0},"end":{"line":84,"column":3}},"85":{"start":{"line":86,"column":0},"end":{"line":86,"column":7}},"86":{"start":{"line":87,"column":0},"end":{"line":87,"column":69}},"87":{"start":{"line":88,"column":0},"end":{"line":88,"column":88}},"88":{"start":{"line":89,"column":0},"end":{"line":89,"column":86}},"89":{"start":{"line":90,"column":0},"end":{"line":90,"column":43}},"90":{"start":{"line":91,"column":0},"end":{"line":91,"column":17}},"91":{"start":{"line":92,"column":0},"end":{"line":92,"column":78}},"92":{"start":{"line":93,"column":0},"end":{"line":93,"column":29}},"93":{"start":{"line":94,"column":0},"end":{"line":94,"column":44}},"94":{"start":{"line":95,"column":0},"end":{"line":95,"column":22}},"95":{"start":{"line":96,"column":0},"end":{"line":96,"column":6}},"96":{"start":{"line":97,"column":0},"end":{"line":97,"column":3}},"97":{"start":{"line":98,"column":0},"end":{"line":98,"column":1}}},"s":{"0":1,"22":24,"24":24,"25":1,"26":1,"29":23,"30":24,"31":24,"32":3,"33":3,"36":20,"37":20,"38":20,"39":20,"40":19,"41":24,"42":2,"43":2,"44":24,"45":1,"46":1,"49":17,"50":17,"51":17,"52":24,"53":1,"54":1,"56":24,"57":2,"58":2,"60":14,"61":14,"62":24,"63":24,"64":24,"65":24,"66":6,"67":6,"68":24,"69":1,"70":1,"71":24,"72":1,"73":1,"76":6,"77":6,"78":24,"79":2,"80":2,"81":2,"82":2,"83":2,"85":4,"86":4,"87":4,"88":3,"89":2,"90":2,"91":2,"92":2,"93":2,"94":2,"95":2,"96":2,"97":24},"branchMap":{"0":{"type":"branch","line":23,"loc":{"start":{"line":23,"column":0},"end":{"line":98,"column":1}},"locations":[{"start":{"line":23,"column":0},"end":{"line":98,"column":1}}]},"1":{"type":"branch","line":25,"loc":{"start":{"line":25,"column":33},"end":{"line":27,"column":3}},"locations":[{"start":{"line":25,"column":33},"end":{"line":27,"column":3}}]},"2":{"type":"branch","line":27,"loc":{"start":{"line":27,"column":2},"end":{"line":31,"column":44}},"locations":[{"start":{"line":27,"column":2},"end":{"line":31,"column":44}}]},"3":{"type":"branch","line":31,"loc":{"start":{"line":31,"column":53},"end":{"line":31,"column":79}},"locations":[{"start":{"line":31,"column":53},"end":{"line":31,"column":79}}]},"4":{"type":"branch","line":31,"loc":{"start":{"line":31,"column":75},"end":{"line":31,"column":84}},"locations":[{"start":{"line":31,"column":75},"end":{"line":31,"column":84}}]},"5":{"type":"branch","line":32,"loc":{"start":{"line":32,"column":16},"end":{"line":34,"column":3}},"locations":[{"start":{"line":32,"column":16},"end":{"line":34,"column":3}}]},"6":{"type":"branch","line":34,"loc":{"start":{"line":34,"column":2},"end":{"line":40,"column":71}},"locations":[{"start":{"line":34,"column":2},"end":{"line":40,"column":71}}]},"7":{"type":"branch","line":40,"loc":{"start":{"line":40,"column":69},"end":{"line":42,"column":26}},"locations":[{"start":{"line":40,"column":69},"end":{"line":42,"column":26}}]},"8":{"type":"branch","line":42,"loc":{"start":{"line":42,"column":26},"end":{"line":44,"column":5}},"locations":[{"start":{"line":42,"column":26},"end":{"line":44,"column":5}}]},"9":{"type":"branch","line":45,"loc":{"start":{"line":45,"column":2},"end":{"line":47,"column":3}},"locations":[{"start":{"line":45,"column":2},"end":{"line":47,"column":3}}]},"10":{"type":"branch","line":47,"loc":{"start":{"line":47,"column":2},"end":{"line":52,"column":28}},"locations":[{"start":{"line":47,"column":2},"end":{"line":52,"column":28}}]},"11":{"type":"branch","line":52,"loc":{"start":{"line":52,"column":26},"end":{"line":53,"column":10}},"locations":[{"start":{"line":52,"column":26},"end":{"line":53,"column":10}}]},"12":{"type":"branch","line":53,"loc":{"start":{"line":53,"column":2},"end":{"line":55,"column":3}},"locations":[{"start":{"line":53,"column":2},"end":{"line":55,"column":3}}]},"13":{"type":"branch","line":55,"loc":{"start":{"line":55,"column":2},"end":{"line":57,"column":15}},"locations":[{"start":{"line":55,"column":2},"end":{"line":57,"column":15}}]},"14":{"type":"branch","line":57,"loc":{"start":{"line":57,"column":7},"end":{"line":57,"column":43}},"locations":[{"start":{"line":57,"column":7},"end":{"line":57,"column":43}}]},"15":{"type":"branch","line":57,"loc":{"start":{"line":57,"column":31},"end":{"line":57,"column":64}},"locations":[{"start":{"line":57,"column":31},"end":{"line":57,"column":64}}]},"16":{"type":"branch","line":57,"loc":{"start":{"line":57,"column":64},"end":{"line":59,"column":3}},"locations":[{"start":{"line":57,"column":64},"end":{"line":59,"column":3}}]},"17":{"type":"branch","line":59,"loc":{"start":{"line":59,"column":2},"end":{"line":63,"column":34}},"locations":[{"start":{"line":59,"column":2},"end":{"line":63,"column":34}}]},"18":{"type":"branch","line":63,"loc":{"start":{"line":63,"column":22},"end":{"line":63,"column":48}},"locations":[{"start":{"line":63,"column":22},"end":{"line":63,"column":48}}]},"19":{"type":"branch","line":63,"loc":{"start":{"line":63,"column":47},"end":{"line":64,"column":39}},"locations":[{"start":{"line":63,"column":47},"end":{"line":64,"column":39}}]},"20":{"type":"branch","line":64,"loc":{"start":{"line":64,"column":27},"end":{"line":64,"column":48}},"locations":[{"start":{"line":64,"column":27},"end":{"line":64,"column":48}}]},"21":{"type":"branch","line":64,"loc":{"start":{"line":64,"column":40},"end":{"line":65,"column":46}},"locations":[{"start":{"line":64,"column":40},"end":{"line":65,"column":46}}]},"22":{"type":"branch","line":65,"loc":{"start":{"line":65,"column":34},"end":{"line":65,"column":62}},"locations":[{"start":{"line":65,"column":34},"end":{"line":65,"column":62}}]},"23":{"type":"branch","line":66,"loc":{"start":{"line":66,"column":4},"end":{"line":68,"column":3}},"locations":[{"start":{"line":66,"column":4},"end":{"line":68,"column":3}}]},"24":{"type":"branch","line":68,"loc":{"start":{"line":68,"column":2},"end":{"line":69,"column":36}},"locations":[{"start":{"line":68,"column":2},"end":{"line":69,"column":36}}]},"25":{"type":"branch","line":69,"loc":{"start":{"line":69,"column":36},"end":{"line":71,"column":3}},"locations":[{"start":{"line":69,"column":36},"end":{"line":71,"column":3}}]},"26":{"type":"branch","line":71,"loc":{"start":{"line":71,"column":2},"end":{"line":72,"column":27}},"locations":[{"start":{"line":71,"column":2},"end":{"line":72,"column":27}}]},"27":{"type":"branch","line":72,"loc":{"start":{"line":72,"column":27},"end":{"line":74,"column":3}},"locations":[{"start":{"line":72,"column":27},"end":{"line":74,"column":3}}]},"28":{"type":"branch","line":74,"loc":{"start":{"line":74,"column":2},"end":{"line":79,"column":23}},"locations":[{"start":{"line":74,"column":2},"end":{"line":79,"column":23}}]},"29":{"type":"branch","line":79,"loc":{"start":{"line":79,"column":7},"end":{"line":79,"column":41}},"locations":[{"start":{"line":79,"column":7},"end":{"line":79,"column":41}}]},"30":{"type":"branch","line":79,"loc":{"start":{"line":79,"column":41},"end":{"line":84,"column":3}},"locations":[{"start":{"line":79,"column":41},"end":{"line":84,"column":3}}]},"31":{"type":"branch","line":84,"loc":{"start":{"line":84,"column":2},"end":{"line":88,"column":88}},"locations":[{"start":{"line":84,"column":2},"end":{"line":88,"column":88}}]},"32":{"type":"branch","line":88,"loc":{"start":{"line":88,"column":86},"end":{"line":89,"column":86}},"locations":[{"start":{"line":88,"column":86},"end":{"line":89,"column":86}}]},"33":{"type":"branch","line":89,"loc":{"start":{"line":89,"column":84},"end":{"line":97,"column":3}},"locations":[{"start":{"line":89,"column":84},"end":{"line":97,"column":3}}]}},"b":{"0":[24],"1":[1],"2":[23],"3":[21],"4":[2],"5":[3],"6":[20],"7":[19],"8":[2],"9":[1],"10":[17],"11":[16],"12":[1],"13":[16],"14":[15],"15":[15],"16":[2],"17":[14],"18":[12],"19":[11],"20":[9],"21":[9],"22":[8],"23":[6],"24":[8],"25":[1],"26":[7],"27":[1],"28":[6],"29":[5],"30":[2],"31":[4],"32":[3],"33":[2]},"fnMap":{"0":{"name":"POST","decl":{"start":{"line":23,"column":0},"end":{"line":98,"column":1}},"loc":{"start":{"line":23,"column":0},"end":{"line":98,"column":1}},"line":23}},"f":{"0":24}}
,"D:\\project-kentang\\app\\api\\send-reminders\\route.ts": {"path":"D:\\project-kentang\\app\\api\\send-reminders\\route.ts","all":false,"statementMap":{"0":{"start":{"line":1,"column":0},"end":{"line":1,"column":56}},"8":{"start":{"line":9,"column":0},"end":{"line":9,"column":45}},"9":{"start":{"line":10,"column":0},"end":{"line":10,"column":45}},"10":{"start":{"line":11,"column":0},"end":{"line":11,"column":54}},"12":{"start":{"line":13,"column":0},"end":{"line":13,"column":61}},"13":{"start":{"line":14,"column":0},"end":{"line":14,"column":73}},"14":{"start":{"line":15,"column":0},"end":{"line":15,"column":3}},"20":{"start":{"line":21,"column":0},"end":{"line":21,"column":57}},"21":{"start":{"line":22,"column":0},"end":{"line":22,"column":68}},"22":{"start":{"line":23,"column":0},"end":{"line":23,"column":18}},"23":{"start":{"line":24,"column":0},"end":{"line":24,"column":21}},"24":{"start":{"line":25,"column":0},"end":{"line":25,"column":31}},"25":{"start":{"line":26,"column":0},"end":{"line":26,"column":77}},"26":{"start":{"line":27,"column":0},"end":{"line":27,"column":24}},"27":{"start":{"line":28,"column":0},"end":{"line":28,"column":8}},"28":{"start":{"line":29,"column":0},"end":{"line":29,"column":5}},"29":{"start":{"line":30,"column":0},"end":{"line":30,"column":56}},"30":{"start":{"line":31,"column":0},"end":{"line":31,"column":31}},"31":{"start":{"line":32,"column":0},"end":{"line":32,"column":65}},"32":{"start":{"line":33,"column":0},"end":{"line":33,"column":24}},"33":{"start":{"line":34,"column":0},"end":{"line":34,"column":8}},"34":{"start":{"line":35,"column":0},"end":{"line":35,"column":5}},"35":{"start":{"line":36,"column":0},"end":{"line":36,"column":54}},"36":{"start":{"line":37,"column":0},"end":{"line":37,"column":47}},"37":{"start":{"line":38,"column":0},"end":{"line":38,"column":3}},"40":{"start":{"line":41,"column":0},"end":{"line":41,"column":92}},"41":{"start":{"line":42,"column":0},"end":{"line":42,"column":59}},"42":{"start":{"line":43,"column":0},"end":{"line":43,"column":45}},"43":{"start":{"line":44,"column":0},"end":{"line":44,"column":1}},"50":{"start":{"line":51,"column":0},"end":{"line":51,"column":46}},"51":{"start":{"line":52,"column":0},"end":{"line":52,"column":7}},"54":{"start":{"line":55,"column":0},"end":{"line":55,"column":56}},"55":{"start":{"line":56,"column":0},"end":{"line":56,"column":83}},"56":{"start":{"line":57,"column":0},"end":{"line":57,"column":19}},"57":{"start":{"line":58,"column":0},"end":{"line":58,"column":82}},"58":{"start":{"line":59,"column":0},"end":{"line":59,"column":5}},"59":{"start":{"line":60,"column":0},"end":{"line":60,"column":60}},"60":{"start":{"line":61,"column":0},"end":{"line":61,"column":62}},"61":{"start":{"line":62,"column":0},"end":{"line":62,"column":37}},"62":{"start":{"line":63,"column":0},"end":{"line":63,"column":62}},"63":{"start":{"line":64,"column":0},"end":{"line":64,"column":71}},"64":{"start":{"line":65,"column":0},"end":{"line":65,"column":86}},"65":{"start":{"line":66,"column":0},"end":{"line":66,"column":5}},"68":{"start":{"line":69,"column":0},"end":{"line":69,"column":58}},"70":{"start":{"line":71,"column":0},"end":{"line":71,"column":47}},"71":{"start":{"line":72,"column":0},"end":{"line":72,"column":19}},"72":{"start":{"line":73,"column":0},"end":{"line":73,"column":50}},"73":{"start":{"line":74,"column":0},"end":{"line":74,"column":29}},"74":{"start":{"line":75,"column":0},"end":{"line":75,"column":49}},"75":{"start":{"line":76,"column":0},"end":{"line":76,"column":21}},"76":{"start":{"line":77,"column":0},"end":{"line":77,"column":6}},"77":{"start":{"line":78,"column":0},"end":{"line":78,"column":3}},"78":{"start":{"line":79,"column":0},"end":{"line":79,"column":1}}},"s":{"0":1,"8":13,"9":13,"10":13,"12":13,"13":5,"14":5,"20":13,"21":13,"22":13,"23":5,"24":1,"25":1,"26":1,"27":1,"28":1,"29":5,"30":3,"31":3,"32":3,"33":3,"34":3,"35":1,"36":1,"37":1,"40":13,"41":13,"42":3,"43":3,"50":9,"51":9,"54":9,"55":9,"56":9,"57":4,"58":4,"59":5,"60":5,"61":5,"62":5,"63":9,"64":2,"65":2,"68":2,"70":1,"71":9,"72":2,"73":2,"74":2,"75":2,"76":2,"77":2,"78":9},"branchMap":{"0":{"type":"branch","line":9,"loc":{"start":{"line":9,"column":0},"end":{"line":44,"column":1}},"locations":[{"start":{"line":9,"column":0},"end":{"line":44,"column":1}}]},"1":{"type":"branch","line":13,"loc":{"start":{"line":13,"column":7},"end":{"line":13,"column":60}},"locations":[{"start":{"line":13,"column":7},"end":{"line":13,"column":60}}]},"2":{"type":"branch","line":13,"loc":{"start":{"line":13,"column":60},"end":{"line":15,"column":3}},"locations":[{"start":{"line":13,"column":60},"end":{"line":15,"column":3}}]},"3":{"type":"branch","line":15,"loc":{"start":{"line":15,"column":2},"end":{"line":21,"column":55}},"locations":[{"start":{"line":15,"column":2},"end":{"line":21,"column":55}}]},"4":{"type":"branch","line":23,"loc":{"start":{"line":23,"column":17},"end":{"line":38,"column":3}},"locations":[{"start":{"line":23,"column":17},"end":{"line":38,"column":3}}]},"5":{"type":"branch","line":24,"loc":{"start":{"line":24,"column":20},"end":{"line":29,"column":5}},"locations":[{"start":{"line":24,"column":20},"end":{"line":29,"column":5}}]},"6":{"type":"branch","line":29,"loc":{"start":{"line":29,"column":4},"end":{"line":30,"column":55}},"locations":[{"start":{"line":29,"column":4},"end":{"line":30,"column":55}}]},"7":{"type":"branch","line":30,"loc":{"start":{"line":30,"column":55},"end":{"line":35,"column":5}},"locations":[{"start":{"line":30,"column":55},"end":{"line":35,"column":5}}]},"8":{"type":"branch","line":35,"loc":{"start":{"line":35,"column":4},"end":{"line":38,"column":3}},"locations":[{"start":{"line":35,"column":4},"end":{"line":38,"column":3}}]},"9":{"type":"branch","line":38,"loc":{"start":{"line":38,"column":2},"end":{"line":41,"column":74}},"locations":[{"start":{"line":38,"column":2},"end":{"line":41,"column":74}}]},"10":{"type":"branch","line":41,"loc":{"start":{"line":41,"column":65},"end":{"line":41,"column":85}},"locations":[{"start":{"line":41,"column":65},"end":{"line":41,"column":85}}]},"11":{"type":"branch","line":41,"loc":{"start":{"line":41,"column":74},"end":{"line":41,"column":92}},"locations":[{"start":{"line":41,"column":74},"end":{"line":41,"column":92}}]},"12":{"type":"branch","line":42,"loc":{"start":{"line":42,"column":57},"end":{"line":44,"column":1}},"locations":[{"start":{"line":42,"column":57},"end":{"line":44,"column":1}}]},"13":{"type":"branch","line":51,"loc":{"start":{"line":51,"column":0},"end":{"line":79,"column":1}},"locations":[{"start":{"line":51,"column":0},"end":{"line":79,"column":1}}]},"14":{"type":"branch","line":56,"loc":{"start":{"line":56,"column":20},"end":{"line":56,"column":43}},"locations":[{"start":{"line":56,"column":20},"end":{"line":56,"column":43}}]},"15":{"type":"branch","line":56,"loc":{"start":{"line":56,"column":52},"end":{"line":56,"column":78}},"locations":[{"start":{"line":56,"column":52},"end":{"line":56,"column":78}}]},"16":{"type":"branch","line":56,"loc":{"start":{"line":56,"column":74},"end":{"line":56,"column":83}},"locations":[{"start":{"line":56,"column":74},"end":{"line":56,"column":83}}]},"17":{"type":"branch","line":57,"loc":{"start":{"line":57,"column":18},"end":{"line":59,"column":5}},"locations":[{"start":{"line":57,"column":18},"end":{"line":59,"column":5}}]},"18":{"type":"branch","line":59,"loc":{"start":{"line":59,"column":4},"end":{"line":63,"column":62}},"locations":[{"start":{"line":59,"column":4},"end":{"line":63,"column":62}}]},"19":{"type":"branch","line":63,"loc":{"start":{"line":63,"column":60},"end":{"line":64,"column":61}},"locations":[{"start":{"line":63,"column":60},"end":{"line":64,"column":61}}]},"20":{"type":"branch","line":64,"loc":{"start":{"line":64,"column":70},"end":{"line":69,"column":58}},"locations":[{"start":{"line":64,"column":70},"end":{"line":69,"column":58}}]},"21":{"type":"branch","line":69,"loc":{"start":{"line":69,"column":56},"end":{"line":72,"column":11}},"locations":[{"start":{"line":69,"column":56},"end":{"line":72,"column":11}}]},"22":{"type":"branch","line":72,"loc":{"start":{"line":72,"column":2},"end":{"line":78,"column":3}},"locations":[{"start":{"line":72,"column":2},"end":{"line":78,"column":3}}]}},"b":{"0":[13],"1":[12],"2":[5],"3":[8],"4":[5],"5":[1],"6":[4],"7":[3],"8":[1],"9":[3],"10":[1],"11":[2],"12":[3],"13":[9],"14":[8],"15":[5],"16":[4],"17":[4],"18":[5],"19":[4],"20":[2],"21":[1],"22":[2]},"fnMap":{"0":{"name":"GET","decl":{"start":{"line":9,"column":0},"end":{"line":44,"column":1}},"loc":{"start":{"line":9,"column":0},"end":{"line":44,"column":1}},"line":9},"1":{"name":"POST","decl":{"start":{"line":51,"column":0},"end":{"line":79,"column":1}},"loc":{"start":{"line":51,"column":0},"end":{"line":79,"column":1}},"line":51}},"f":{"0":13,"1":9}}
}
